c:\wolfssl-5.5.0\sslsniffer\release\x64\sslsniffer_obj\vc143.pdb
c:\wolfssl-5.5.0\sslsniffer\release\x64\sslsniffer_obj\sniffer.obj
c:\wolfssl-5.5.0\release\x64\sslsniffer.dll
c:\wolfssl-5.5.0\sslsniffer\release\x64\sslsniffer_obj\sslsniffer.ipdb
c:\wolfssl-5.5.0\release\x64\sslsniffer.pdb
c:\wolfssl-5.5.0\sslsniffer\release\x64\sslsniffer_obj\sslsniffer.iobj
c:\wolfssl-5.5.0\sslsniffer\release\x64\sslsniffer_obj\sniffer_error.res
c:\wolfssl-5.5.0\release\x64\sslsniffer.lib
c:\wolfssl-5.5.0\release\x64\sslsniffer.exp
c:\wolfssl\sslsniffer\release\x64\sslsniffer_obj\sniffer.obj
c:\wolfssl\sslsniffer\release\x64\sslsniffer_obj\sslsniffer.ipdb
c:\wolfssl\sslsniffer\release\x64\sslsniffer_obj\sslsniffer.iobj
c:\wolfssl\sslsniffer\release\x64\sslsniffer_obj\sniffer_error.res
c:\wolfssl\sslsniffer\release\x64\sslsniffer_obj\vc143.pdb
c:\wolfssl\sslsniffer\release\x64\sslsniffer_obj\sslsniffer.tlog\cl.command.1.tlog
c:\wolfssl\sslsniffer\release\x64\sslsniffer_obj\sslsniffer.tlog\cl.read.1.tlog
c:\wolfssl\sslsniffer\release\x64\sslsniffer_obj\sslsniffer.tlog\cl.write.1.tlog
c:\wolfssl\sslsniffer\release\x64\sslsniffer_obj\sslsniffer.tlog\link.command.1.tlog
c:\wolfssl\sslsniffer\release\x64\sslsniffer_obj\sslsniffer.tlog\link.read.1.tlog
c:\wolfssl\sslsniffer\release\x64\sslsniffer_obj\sslsniffer.tlog\link.write.1.tlog
c:\wolfssl\sslsniffer\release\x64\sslsniffer_obj\sslsniffer.tlog\rc.command.1.tlog
c:\wolfssl\sslsniffer\release\x64\sslsniffer_obj\sslsniffer.tlog\rc.read.1.tlog
c:\wolfssl\sslsniffer\release\x64\sslsniffer_obj\sslsniffer.tlog\rc.write.1.tlog
c:\wolfssl\sslsniffer\release\x64\sslsniffer_obj\sslsniffer.tlog\sslsniffer.write.1u.tlog
